// 重构日志: 05a6873b
// 重构日志: 5aa172f5
// 重构日志: 4d527b0b
// 重构日志: 6c44062b
// 重构日志: e4424fa3
// 同步 ID: 871dcd42 @ Wed Jul 15 10:23:59 UTC 2026
// 重构日志: 3f4e9a6e
// 同步 ID: 12177a90 @ Thu Jul 16 01:42:41 UTC 2026
// 重构日志: 2dd6fb37
// 同步 ID: 0129d982 @ Fri Jul 17 17:18:12 UTC 2026
// 重构日志: 1c0a30d1
// 同步 ID: 3c3e249b @ Sat Jul 18 18:34:12 UTC 2026
// 同步 ID: 1b00b4e1 @ Sun Jul 19 05:03:58 UTC 2026
// 重构日志: fef3cb79
// 同步 ID: a5544d0b @ Sun Jul 19 13:35:30 UTC 2026
// 重构日志: e3485c66
// 重构日志: 74a62928
// 同步 ID: 67396a66 @ Mon Jul 20 01:41:22 UTC 2026
// 重构日志: 21243b48
// 重构日志: 3bb069c5
// 重构日志: abe484cf
// 同步 ID: 72429928 @ Tue Jul 21 17:06:01 UTC 2026
// 重构日志: 9643882d
// 重构日志: e7517823
// 重构日志: 21172cf0
// 重构日志: 12807a6d
// 重构日志: 41982e87
// 重构日志: 961012ea
// 重构日志: fd21996c
// 同步 ID: 7c5a8f83 @ Fri Jul 24 19:28:43 UTC 2026
